\BOOKMARK [1][-]{section.1}{\376\377\000O\000f\000f\000e\000n\000e\000\040\000P\000r\000o\000b\000l\000e\000m\000e\000\040\000m\000i\000t\000\040\000d\000e\000r\000\040\000P\000i\000p\000e\000l\000i\000n\000e\000\040\0002\0007\000.\0000\0006\000.\0002\0000\0002\0005}{}% 1
\BOOKMARK [1][-]{section.2}{\376\377\000F\000e\000s\000t\000s\000t\000e\000l\000l\000u\000n\000g\000e\000n\000\040\000u\000n\000d\000\040\000A\000u\000f\000s\000e\000t\000z\000u\000n\000g\000\040\000v\000o\000n\000\040\000V\000M\000,\000\040\000M\000o\000n\000g\000o\000D\000B\000,\000\040\000C\000a\000n\000t\000a\000l\000o\000u\000p\000e\000\040\000u\000n\000d\000\040\000W\000e\000b\000s\000i\000t\000e\000\040\0002\0001\000.\0000\0006\000.\0002\0000\0002\0005}{}% 2
\BOOKMARK [1][-]{section.3}{\376\377\000G\000e\000n\000d\000e\000r\000s\000p\000e\000z\000i\000f\000i\000s\000c\000h\000e\000r\000\040\000B\000i\000a\000s\000\040\0000\0002\000.\0000\0006\000.\0002\0000\0002\0005}{}% 3
\BOOKMARK [1][-]{section.4}{\376\377\000P\000r\000o\000z\000e\000s\000s\000a\000b\000l\000a\000u\000f\000\040\000G\000r\000a\000f\000i\000k\000e\000n\000\040\000e\000r\000s\000t\000e\000l\000l\000e\000n\0002\0009\000.\0000\0005\000.\0002\0000\0002\0005}{}% 4
\BOOKMARK [2][-]{subsection.4.1}{\376\377\000D\000i\000a\000g\000r\000a\000m\000\040\000e\000n\000g\000l\000i\000s\000h}{section.4}% 5
\BOOKMARK [1][-]{section.5}{\376\377\000D\000e\000b\000u\000g\000g\000i\000n\000g\000\040\000p\000l\000a\000c\000e\000\137\000n\000a\000m\000e\000s\000\040\000m\000i\000t\000\040\000M\000a\000l\000u\000s\000\040\000u\000n\000d\000\040\000B\000o\000n\000u\000s\000\040\000-\000\040\000G\000N\000D\000-\000I\000D\000\040\000\334\000b\000e\000r\000l\000e\000g\000u\000n\000g\000e\000n\000\040\0002\0003\000.\0000\0005\000.\0002\0000\0002\0005}{}% 6
\BOOKMARK [1][-]{section.6}{\376\377\000D\000e\000b\000u\000g\000g\000i\000n\000g\000\040\0002\0002\000.\0000\0005\000.\0002\0000\0002\0005}{}% 7
\BOOKMARK [1][-]{section.7}{\376\377\000E\000v\000e\000n\000t\000-\000\040\000u\000n\000d\000\040\000O\000r\000t\000s\000-\000M\000a\000t\000c\000h\000i\000n\000g\000\040\000D\000e\000b\000u\000g\000g\000i\000n\000g\000\040\0001\0008\000.\0000\0005\000.\0002\0000\0002\0005}{}% 8
\BOOKMARK [1][-]{section.8}{\376\377\000\304\000n\000d\000e\000r\000u\000n\000g\000e\000n\000\040\000i\000n\000\040\000T\000r\000a\000n\000s\000k\000r\000i\000b\000u\000s\000\137\000I\000I\000\137\000T\000e\000s\000t\000.\000p\000y\000\040\000u\000n\000d\000\040\000i\000n\000f\000e\000r\000\137\000a\000u\000t\000h\000o\000r\000s\000\137\000r\000e\000c\000i\000p\000i\000e\000n\000t\000s\000\040\0000\0008\000.\0000\0005\000.\0002\0000\0002\0005}{}% 9
\BOOKMARK [1][-]{section.9}{\376\377\000S\000y\000s\000t\000e\000m\000\374\000b\000e\000r\000s\000i\000c\000h\000t\000\040\000V\000i\000r\000t\000u\000e\000l\000l\000e\000\040\000M\000a\000s\000c\000h\000i\000n\000e\000\040\0000\0007\000.\0000\0005\000.\0002\0000\0002\0005}{}% 10
\BOOKMARK [2][-]{subsection.9.1}{\376\377\000F\000e\000h\000l\000e\000r\000a\000n\000a\000l\000y\000s\000e\000\040\000u\000n\000d\000\040\000V\000e\000r\000b\000e\000s\000s\000e\000r\000u\000n\000g\000s\000v\000o\000r\000s\000c\000h\000l\000\344\000g\000e\000\040\000d\000e\000r\000\040\000J\000S\000O\000N\000-\000E\000x\000t\000r\000a\000k\000t\000i\000o\000n}{section.9}% 11
\BOOKMARK [2][-]{subsection.9.2}{\376\377\000V\000o\000r\000g\000e\000s\000c\000h\000l\000a\000g\000e\000n\000e\000\040\000V\000e\000r\000b\000e\000s\000s\000e\000r\000u\000n\000g\000e\000n}{section.9}% 12
\BOOKMARK [1][-]{section.10}{\376\377\000\304\000n\000d\000e\000r\000u\000n\000g\000e\000n\000\040\000i\000m\000\040\000a\000s\000s\000i\000g\000n\000e\000d\000\137\000r\000o\000l\000e\000s\000\137\000m\000o\000d\000u\000l\000e\000\040\000u\000n\000d\000\040\000p\000e\000r\000s\000o\000n\000\137\000m\000a\000t\000c\000h\000e\000r\0000\0006\000.\0000\0005\000.\0002\0000\0002\0005}{}% 13
\BOOKMARK [1][-]{section.11}{\376\377\000V\000e\000r\000b\000e\000s\000s\000e\000r\000t\000e\000\040\000D\000e\000d\000u\000p\000l\000i\000z\000i\000e\000r\000u\000n\000g\000\040\000i\000n\000\040\000P\000e\000r\000s\000o\000n\000-\000\040\000u\000n\000d\000\040\000O\000r\000t\000s\000-\000M\000a\000t\000c\000h\000e\000r\000n\000\040\0003\0000\000.\0000\0004\000.\0002\0000\0002\0005}{}% 14
\BOOKMARK [1][-]{section.12}{\376\377\000V\000e\000r\000e\000i\000n\000h\000e\000i\000t\000l\000i\000c\000h\000u\000n\000g\000\040\000d\000e\000r\000\040\000S\000c\000h\000n\000i\000t\000t\000s\000t\000e\000l\000l\000e\000n\000\040\000u\000n\000d\000\040\000D\000a\000t\000a\000f\000r\000a\000m\000e\000s\000\040\0001\0004\000.\0000\0004\000.\0002\0000\0002\0005}{}% 15
\BOOKMARK [1][-]{section.13}{\376\377\000V\000a\000l\000i\000d\000i\000e\000r\000u\000n\000g\000\040\000u\000n\000d\000\040\000O\000r\000t\000s\000-\000M\000a\000t\000c\000h\000i\000n\000g\000\040\0001\0003\000.\0000\0004\000.\0002\0000\0002\0005}{}% 16
\BOOKMARK [1][-]{section.14}{\376\377\000L\000L\000M\000-\000A\000n\000r\000e\000i\000c\000h\000e\000r\000u\000n\000g\000\040\000u\000n\000d\000\040\000M\000e\000t\000a\000d\000a\000t\000e\000n\000-\000E\000x\000t\000r\000a\000k\000t\000i\000o\000n\000\040\0001\0002\000.\0000\0004\000.\0002\0000\0002\0005}{}% 17
\BOOKMARK [1][-]{section.15}{\376\377\000I\000n\000t\000e\000g\000r\000a\000t\000i\000o\000n\000\040\000m\000i\000t\000\040\000T\000r\000a\000n\000s\000k\000r\000i\000b\000u\000s\000\040\000X\000M\000L\000\040\000E\000x\000p\000o\000r\000t\000\040\0001\0001\000.\0000\0004\000.\0002\0000\0002\0005}{}% 18
\BOOKMARK [1][-]{section.16}{\376\377\000I\000n\000t\000e\000g\000r\000a\000t\000i\000o\000n\000\040\000v\000o\000n\000\040\000p\000e\000r\000s\000o\000n\000\137\000m\000a\000t\000c\000h\000e\000r\000.\000p\000y\000\040\000m\000i\000t\000\040\000t\000r\000a\000n\000s\000k\000r\000i\000b\000u\000s\000\137\000t\000o\000\137\000b\000a\000s\000e\000\137\000s\000c\000h\000e\000m\000a\000.\000p\000y\000\040\0000\0009\000.\0000\0004\000.\0002\0000\0002\0005}{}% 19
\BOOKMARK [1][-]{section.17}{\376\377\000O\000b\000j\000e\000k\000t\000o\000r\000i\000e\000n\000t\000i\000e\000r\000t\000e\000\040\000U\000m\000s\000t\000r\000u\000k\000t\000u\000r\000i\000e\000r\000u\000n\000g\000\040\000d\000e\000r\000\040\000D\000a\000t\000e\000n\000e\000x\000t\000r\000a\000k\000t\000i\000o\000n\000s\000-\000P\000i\000p\000e\000l\000i\000n\000e\000\040\0000\0008\000.\0000\0004\000.\0002\0000\0002\0005}{}% 20
\BOOKMARK [1][-]{section.18}{\376\377\000I\000m\000p\000l\000e\000m\000e\000n\000t\000i\000e\000r\000u\000n\000g\000\040\000d\000e\000r\000\040\000D\000a\000t\000e\000n\000e\000x\000t\000r\000a\000k\000t\000i\000o\000n\000s\000-\000P\000i\000p\000e\000l\000i\000n\000e\000\040\0000\0003\000.\0000\0004\000.\0002\0000\0002\0005}{}% 21
\BOOKMARK [1][-]{section.19}{\376\377\000F\000e\000s\000t\000l\000e\000g\000u\000n\000g\000\040\000T\000a\000g\000g\000i\000n\000g\000\040\000R\000e\000g\000e\000l\000n\000\040\0001\0001\000.\0000\0003\000.\0002\0000\0002\0005\000\040}{}% 22
\BOOKMARK [1][-]{section.20}{\376\377\000\334\000b\000e\000r\000b\000l\000i\000c\000k\000\040\000H\000i\000l\000f\000s\000c\000r\000i\000p\000t\000C\000h\000a\000t\000G\000P\000T\000\137\000A\000p\000i\000\137\000T\000r\000a\000n\000s\000k\000r\000i\000b\000u\000s\000X\000M\000L\000\137\000t\000o\000\137\000J\000S\000O\000N\000v\0003\000.\000p\000y\000\040\0000\0006\000.\0000\0003\000.\0002\0000\0002\0005}{}% 23
\BOOKMARK [1][-]{section.21}{\376\377\000V\000o\000r\000a\000u\000s\000s\000e\000t\000z\000u\000n\000g\000e\000n\000\040\000\046\000\040\000E\000i\000n\000r\000i\000c\000h\000t\000u\000n\000g}{}% 24
\BOOKMARK [2][-]{subsection.21.1}{\376\377\000A\000P\000I\000\040\000K\000e\000y\000\040\000s\000e\000t\000z\000e\000n}{section.21}% 25
\BOOKMARK [2][-]{subsection.21.2}{\376\377\000P\000y\000t\000h\000o\000n\000-\000B\000i\000b\000l\000i\000o\000t\000h\000e\000k\000e\000n\000\040\000i\000n\000s\000t\000a\000l\000l\000i\000e\000r\000e\000n}{section.21}% 26
\BOOKMARK [1][-]{section.22}{\376\377\000F\000u\000n\000k\000t\000i\000o\000n\000s\000w\000e\000i\000s\000e}{}% 27
\BOOKMARK [2][-]{subsection.22.1}{\376\377\000B\000a\000s\000i\000s\000-\000E\000i\000n\000s\000t\000e\000l\000l\000u\000n\000g\000e\000n}{section.22}% 28
\BOOKMARK [2][-]{subsection.22.2}{\376\377\000V\000e\000r\000z\000e\000i\000c\000h\000n\000i\000s\000s\000t\000r\000u\000k\000t\000u\000r\000\040\000d\000u\000r\000c\000h\000l\000a\000u\000f\000e\000n}{section.22}% 29
\BOOKMARK [2][-]{subsection.22.3}{\376\377\000V\000e\000r\000a\000r\000b\000e\000i\000t\000u\000n\000g\000\040\000d\000e\000r\000\040\000X\000M\000L\000-\000D\000a\000t\000e\000i\000e\000n}{section.22}% 30
\BOOKMARK [2][-]{subsection.22.4}{\376\377\000S\000t\000r\000u\000k\000t\000u\000r\000i\000e\000r\000u\000n\000g\000\040\000d\000e\000r\000\040\000D\000a\000t\000e\000n\000\040\000i\000n\000\040\000J\000S\000O\000N}{section.22}% 31
\BOOKMARK [2][-]{subsection.22.5}{\376\377\000A\000P\000I\000-\000A\000n\000f\000r\000a\000g\000e\000\040\000a\000n\000\040\000O\000p\000e\000n\000A\000I}{section.22}% 32
\BOOKMARK [1][-]{section.23}{\376\377\000F\000e\000h\000l\000e\000r\000b\000e\000h\000a\000n\000d\000l\000u\000n\000g}{}% 33
\BOOKMARK [1][-]{section.24}{\376\377\000F\000a\000z\000i\000t}{}% 34
\BOOKMARK [1][-]{section.25}{\376\377\000T\000a\000g\000g\000i\000n\000g\000\040\000d\000e\000r\000\040\000J\000P\000G\000E\000G\000s\000\040\000i\000m\000\040\000A\000p\000p\000l\000e\000F\000i\000n\000d\000e\000r\000\040\0002\0006\000.\0001\0000\000.\0002\0004\000\040}{}% 35
\BOOKMARK [2][-]{subsection.25.1}{\376\377\000A\000p\000p\000l\000e\000F\000i\000n\000d\000e\000r\000\040\000T\000a\000g\000s}{section.25}% 36
\BOOKMARK [1][-]{section.26}{\376\377\000J\000P\000G\000\040\000D\000a\000t\000e\000n\000b\000e\000r\000e\000i\000n\000i\000g\000u\000n\000g\000\040\000-\000\040\000l\000e\000e\000r\000e\000\040\000S\000e\000i\000t\000e\000n\000\040\000l\000\366\000s\000c\000h\000e\000n\000\040\0002\0005\000.\0001\0000\000.\0002\0000\0002\0004\000\040}{}% 37
\BOOKMARK [2][-]{subsection.26.1}{\376\377\000A\000n\000m\000e\000r\000k\000u\000n\000g}{section.26}% 38
\BOOKMARK [1][-]{section.27}{\376\377\000D\000a\000t\000e\000n\000n\000o\000r\000m\000a\000l\000i\000s\000i\000e\000r\000u\000n\000g\000\040\000P\000D\000F\000\040\000z\000u\000\040\000J\000P\000E\000G\000\040\0002\0004\000.\0001\0000\000.\0002\0000\0002\0004}{}% 39
